{
"contracts/ERC20Mock.sol":{"l":{"11":0,"12":0},"path":"/Users/himanshusankhe/blockchain_NE/Blockchain_Solidity/contracts/ERC20Mock.sol","s":{"1":0},"b":{},"f":{"1":27,"2":0},"fnMap":{"1":{"name":"constructor","line":8,"loc":{"start":{"line":8,"column":4},"end":{"line":8,"column":79}}},"2":{"name":"mint","line":10,"loc":{"start":{"line":10,"column":4},"end":{"line":13,"column":4}}}},"statementMap":{"1":{"start":{"line":11,"column":8},"end":{"line":11,"column":29}}},"branchMap":{}},
"contracts/ERC721Mock.sol":{"l":{"9":0},"path":"/Users/himanshusankhe/blockchain_NE/Blockchain_Solidity/contracts/ERC721Mock.sol","s":{"1":0},"b":{},"f":{"1":27,"2":0},"fnMap":{"1":{"name":"constructor","line":6,"loc":{"start":{"line":6,"column":4},"end":{"line":6,"column":80}}},"2":{"name":"mint","line":8,"loc":{"start":{"line":8,"column":4},"end":{"line":10,"column":4}}}},"statementMap":{"1":{"start":{"line":9,"column":8},"end":{"line":9,"column":30}}},"branchMap":{}},
"contracts/NFTDutchAuction_ERC20Bids.sol":{"l":{"37":27,"38":27,"39":27,"40":27,"41":27,"42":27,"53":4,"54":4,"56":3,"57":3,"59":3,"60":3,"62":3,"67":0,"68":0,"69":0,"70":0,"71":0,"73":0,"75":0,"79":0,"82":0,"83":0,"85":0,"90":2,"91":2,"92":2,"93":2,"95":0,"97":0,"99":0,"102":0},"path":"/Users/himanshusankhe/blockchain_NE/Blockchain_Solidity/contracts/NFTDutchAuction_ERC20Bids.sol","s":{"1":4,"2":4,"3":3,"4":3,"5":3,"6":0,"7":0,"8":0,"9":0,"10":0,"11":0,"12":0,"13":0,"14":0,"15":2,"16":2,"17":2,"18":2,"19":0,"20":0,"21":0},"b":{"1":[3,1],"2":[0,0],"3":[0,0],"4":[0,0],"5":[0,0],"6":[0,0],"7":[0,0],"8":[0,0],"9":[2,0],"10":[2,0],"11":[0,2],"12":[0,0]},"f":{"1":27,"2":4,"3":0,"4":2},"fnMap":{"1":{"name":"constructor","line":29,"loc":{"start":{"line":29,"column":4},"end":{"line":50,"column":4}}},"2":{"name":"startAuction","line":52,"loc":{"start":{"line":52,"column":4},"end":{"line":63,"column":4}}},"3":{"name":"placeBid","line":66,"loc":{"start":{"line":66,"column":4},"end":{"line":86,"column":4}}},"4":{"name":"endAuction","line":89,"loc":{"start":{"line":89,"column":4},"end":{"line":103,"column":4}}}},"statementMap":{"1":{"start":{"line":53,"column":8},"end":{"line":53,"column":63}},"2":{"start":{"line":54,"column":8},"end":{"line":54,"column":76}},"3":{"start":{"line":56,"column":8},"end":{"line":56,"column":40}},"4":{"start":{"line":57,"column":8},"end":{"line":57,"column":58}},"5":{"start":{"line":62,"column":8},"end":{"line":62,"column":102}},"6":{"start":{"line":67,"column":8},"end":{"line":67,"column":63}},"7":{"start":{"line":68,"column":8},"end":{"line":68,"column":75}},"8":{"start":{"line":69,"column":8},"end":{"line":69,"column":80}},"9":{"start":{"line":70,"column":8},"end":{"line":70,"column":76}},"10":{"start":{"line":71,"column":8},"end":{"line":71,"column":105}},"11":{"start":{"line":73,"column":8},"end":{"line":73,"column":2699}},"12":{"start":{"line":75,"column":12},"end":{"line":75,"column":126}},"13":{"start":{"line":79,"column":8},"end":{"line":79,"column":118}},"14":{"start":{"line":85,"column":8},"end":{"line":85,"column":78}},"15":{"start":{"line":90,"column":8},"end":{"line":90,"column":63}},"16":{"start":{"line":91,"column":8},"end":{"line":91,"column":75}},"17":{"start":{"line":92,"column":8},"end":{"line":92,"column":59}},"18":{"start":{"line":93,"column":8},"end":{"line":93,"column":75}},"19":{"start":{"line":97,"column":8},"end":{"line":97,"column":3722}},"20":{"start":{"line":99,"column":12},"end":{"line":99,"column":89}},"21":{"start":{"line":102,"column":8},"end":{"line":102,"column":101}}},"branchMap":{"1":{"line":54,"type":"if","locations":[{"start":{"line":54,"column":8},"end":{"line":54,"column":8}},{"start":{"line":54,"column":8},"end":{"line":54,"column":8}}]},"2":{"line":68,"type":"if","locations":[{"start":{"line":68,"column":8},"end":{"line":68,"column":8}},{"start":{"line":68,"column":8},"end":{"line":68,"column":8}}]},"3":{"line":69,"type":"if","locations":[{"start":{"line":69,"column":8},"end":{"line":69,"column":8}},{"start":{"line":69,"column":8},"end":{"line":69,"column":8}}]},"4":{"line":70,"type":"if","locations":[{"start":{"line":70,"column":8},"end":{"line":70,"column":8}},{"start":{"line":70,"column":8},"end":{"line":70,"column":8}}]},"5":{"line":71,"type":"if","locations":[{"start":{"line":71,"column":8},"end":{"line":71,"column":8}},{"start":{"line":71,"column":8},"end":{"line":71,"column":8}}]},"6":{"line":73,"type":"if","locations":[{"start":{"line":73,"column":8},"end":{"line":73,"column":8}},{"start":{"line":73,"column":8},"end":{"line":73,"column":8}}]},"7":{"line":75,"type":"if","locations":[{"start":{"line":75,"column":12},"end":{"line":75,"column":12}},{"start":{"line":75,"column":12},"end":{"line":75,"column":12}}]},"8":{"line":79,"type":"if","locations":[{"start":{"line":79,"column":8},"end":{"line":79,"column":8}},{"start":{"line":79,"column":8},"end":{"line":79,"column":8}}]},"9":{"line":91,"type":"if","locations":[{"start":{"line":91,"column":8},"end":{"line":91,"column":8}},{"start":{"line":91,"column":8},"end":{"line":91,"column":8}}]},"10":{"line":92,"type":"if","locations":[{"start":{"line":92,"column":8},"end":{"line":92,"column":8}},{"start":{"line":92,"column":8},"end":{"line":92,"column":8}}]},"11":{"line":93,"type":"if","locations":[{"start":{"line":93,"column":8},"end":{"line":93,"column":8}},{"start":{"line":93,"column":8},"end":{"line":93,"column":8}}]},"12":{"line":97,"type":"if","locations":[{"start":{"line":97,"column":8},"end":{"line":97,"column":8}},{"start":{"line":97,"column":8},"end":{"line":97,"column":8}}]}}}}
