{"contracts/BasicDutchAuction.sol":{"l":{"24":39,"25":39,"26":39,"27":39,"30":39,"31":39,"32":39,"37":12,"38":11,"41":8,"44":8,"45":5,"51":11,"52":11,"53":11,"56":11,"57":0,"60":11,"65":5,"66":5,"69":5,"70":122,"71":122,"72":0,"73":0,"74":0,"75":0,"81":5,"82":5,"83":5,"84":5},"path":"/Users/nirmitipatil/CryptoCurrency/contracts/BasicDutchAuction.sol","s":{"1":39,"2":39,"3":39,"4":39,"5":39,"6":39,"7":39,"8":12,"9":11,"10":8,"11":8,"12":5,"13":11,"14":11,"15":11,"16":11,"17":0,"18":11,"19":5,"20":5,"21":5,"22":122,"23":122,"24":0,"25":0,"26":0,"27":0,"28":5,"29":5,"30":5,"31":5},"b":{"1":[11,1],"2":[8,3],"3":[5,3],"4":[0,11],"5":[0,122],"6":[0,0],"7":[5,0]},"f":{"1":39,"2":12,"3":11,"4":5},"fnMap":{"1":{"name":"constructor","line":19,"loc":{"start":{"line":19,"column":4},"end":{"line":33,"column":4}}},"2":{"name":"bid","line":36,"loc":{"start":{"line":36,"column":4},"end":{"line":47,"column":4}}},"3":{"name":"getCurrentPrice","line":50,"loc":{"start":{"line":50,"column":4},"end":{"line":61,"column":4}}},"4":{"name":"endAuction","line":64,"loc":{"start":{"line":64,"column":4},"end":{"line":86,"column":4}}}},"statementMap":{"1":{"start":{"line":24,"column":8},"end":{"line":24,"column":35}},"2":{"start":{"line":25,"column":8},"end":{"line":25,"column":35}},"3":{"start":{"line":26,"column":8},"end":{"line":26,"column":51}},"4":{"start":{"line":27,"column":8},"end":{"line":27,"column":49}},"5":{"start":{"line":30,"column":8},"end":{"line":30,"column":79}},"6":{"start":{"line":31,"column":8},"end":{"line":31,"column":59}},"7":{"start":{"line":32,"column":8},"end":{"line":32,"column":27}},"8":{"start":{"line":37,"column":8},"end":{"line":37,"column":58}},"9":{"start":{"line":38,"column":8},"end":{"line":38,"column":71}},"10":{"start":{"line":41,"column":8},"end":{"line":41,"column":35}},"11":{"start":{"line":44,"column":8},"end":{"line":44,"column":1699}},"12":{"start":{"line":45,"column":12},"end":{"line":45,"column":23}},"13":{"start":{"line":51,"column":8},"end":{"line":51,"column":43}},"14":{"start":{"line":52,"column":8},"end":{"line":52,"column":63}},"15":{"start":{"line":53,"column":8},"end":{"line":53,"column":83}},"16":{"start":{"line":56,"column":8},"end":{"line":56,"column":2162}},"17":{"start":{"line":57,"column":12},"end":{"line":57,"column":31}},"18":{"start":{"line":60,"column":8},"end":{"line":60,"column":27}},"19":{"start":{"line":65,"column":8},"end":{"line":65,"column":26}},"20":{"start":{"line":66,"column":8},"end":{"line":66,"column":33}},"21":{"start":{"line":69,"column":8},"end":{"line":69,"column":2446}},"22":{"start":{"line":70,"column":12},"end":{"line":70,"column":38}},"23":{"start":{"line":71,"column":12},"end":{"line":71,"column":2549}},"24":{"start":{"line":72,"column":16},"end":{"line":72,"column":45}},"25":{"start":{"line":73,"column":16},"end":{"line":73,"column":2647}},"26":{"start":{"line":74,"column":20},"end":{"line":74,"column":35}},"27":{"start":{"line":75,"column":20},"end":{"line":75,"column":51}},"28":{"start":{"line":81,"column":8},"end":{"line":81,"column":54}},"29":{"start":{"line":82,"column":8},"end":{"line":82,"column":2897}},"30":{"start":{"line":83,"column":12},"end":{"line":83,"column":34}},"31":{"start":{"line":84,"column":12},"end":{"line":84,"column":44}}},"branchMap":{"1":{"line":37,"type":"if","locations":[{"start":{"line":37,"column":8},"end":{"line":37,"column":8}},{"start":{"line":37,"column":8},"end":{"line":37,"column":8}}]},"2":{"line":38,"type":"if","locations":[{"start":{"line":38,"column":8},"end":{"line":38,"column":8}},{"start":{"line":38,"column":8},"end":{"line":38,"column":8}}]},"3":{"line":44,"type":"if","locations":[{"start":{"line":44,"column":8},"end":{"line":44,"column":8}},{"start":{"line":44,"column":8},"end":{"line":44,"column":8}}]},"4":{"line":56,"type":"if","locations":[{"start":{"line":56,"column":8},"end":{"line":56,"column":8}},{"start":{"line":56,"column":8},"end":{"line":56,"column":8}}]},"5":{"line":71,"type":"if","locations":[{"start":{"line":71,"column":12},"end":{"line":71,"column":12}},{"start":{"line":71,"column":12},"end":{"line":71,"column":12}}]},"6":{"line":73,"type":"if","locations":[{"start":{"line":73,"column":16},"end":{"line":73,"column":16}},{"start":{"line":73,"column":16},"end":{"line":73,"column":16}}]},"7":{"line":82,"type":"if","locations":[{"start":{"line":82,"column":8},"end":{"line":82,"column":8}},{"start":{"line":82,"column":8},"end":{"line":82,"column":8}}]}}}}