{
"contracts/ERC721Mock.sol":{"l":{"10":0},"path":"/Users/nirmitipatil/CryptoCurrency/contracts/ERC721Mock.sol","s":{"1":0},"b":{},"f":{"1":48,"2":0},"fnMap":{"1":{"name":"constructor","line":7,"loc":{"start":{"line":7,"column":4},"end":{"line":7,"column":80}}},"2":{"name":"mint","line":9,"loc":{"start":{"line":9,"column":4},"end":{"line":11,"column":4}}}},"statementMap":{"1":{"start":{"line":10,"column":8},"end":{"line":10,"column":25}}},"branchMap":{}},
"contracts/NFTDutchAuction.sol":{"l":{"32":48,"33":48,"34":48,"35":48,"36":48,"37":48,"38":48,"39":48,"40":48,"46":14,"47":14,"53":14,"54":13,"56":10,"58":10,"59":8,"64":15,"65":15,"66":15,"68":15,"69":0,"72":15,"76":8,"78":8,"79":8,"81":8,"82":308,"83":308,"84":0,"85":0,"86":0,"87":0,"88":0,"93":8,"94":8,"95":8,"96":8,"97":8,"102":8,"103":8,"115":1},"path":"/Users/nirmitipatil/CryptoCurrency/contracts/NFTDutchAuction.sol","s":{"1":48,"2":48,"3":48,"4":48,"5":48,"6":48,"7":48,"8":48,"9":48,"10":14,"11":14,"12":13,"13":10,"14":10,"15":8,"16":15,"17":15,"18":15,"19":15,"20":0,"21":15,"22":8,"23":8,"24":8,"25":8,"26":308,"27":308,"28":0,"29":0,"30":0,"31":0,"32":0,"33":8,"34":8,"35":8,"36":8,"37":8,"38":8,"39":8,"40":1},"b":{"1":[14,0],"2":[13,1],"3":[10,3],"4":[8,2],"5":[0,15],"6":[8,0],"7":[0,308],"8":[0,0],"9":[0,0],"10":[8,0],"11":[8,0]},"f":{"1":48,"2":14,"3":14,"4":15,"5":8,"6":8,"7":1},"fnMap":{"1":{"name":"constructor","line":25,"loc":{"start":{"line":25,"column":4},"end":{"line":41,"column":4}}},"2":{"name":"auctionOpen","line":45,"loc":{"start":{"line":45,"column":4},"end":{"line":50,"column":4}}},"3":{"name":"bid","line":52,"loc":{"start":{"line":52,"column":4},"end":{"line":61,"column":4}}},"4":{"name":"getCurrentPrice","line":63,"loc":{"start":{"line":63,"column":4},"end":{"line":73,"column":4}}},"5":{"name":"endAuction","line":75,"loc":{"start":{"line":75,"column":4},"end":{"line":99,"column":4}}},"6":{"name":"transferFunds","line":101,"loc":{"start":{"line":101,"column":4},"end":{"line":104,"column":4}}},"7":{"name":"onERC721Received","line":109,"loc":{"start":{"line":109,"column":4},"end":{"line":116,"column":8}}}},"statementMap":{"1":{"start":{"line":32,"column":8},"end":{"line":32,"column":26}},"2":{"start":{"line":33,"column":8},"end":{"line":33,"column":39}},"3":{"start":{"line":34,"column":8},"end":{"line":34,"column":31}},"4":{"start":{"line":35,"column":8},"end":{"line":35,"column":35}},"5":{"start":{"line":36,"column":8},"end":{"line":36,"column":51}},"6":{"start":{"line":37,"column":8},"end":{"line":37,"column":49}},"7":{"start":{"line":38,"column":8},"end":{"line":38,"column":85}},"8":{"start":{"line":39,"column":8},"end":{"line":39,"column":62}},"9":{"start":{"line":40,"column":8},"end":{"line":40,"column":27}},"10":{"start":{"line":46,"column":8},"end":{"line":46,"column":69}},"11":{"start":{"line":53,"column":8},"end":{"line":53,"column":58}},"12":{"start":{"line":54,"column":8},"end":{"line":54,"column":71}},"13":{"start":{"line":56,"column":8},"end":{"line":56,"column":35}},"14":{"start":{"line":58,"column":8},"end":{"line":58,"column":1736}},"15":{"start":{"line":59,"column":12},"end":{"line":59,"column":23}},"16":{"start":{"line":64,"column":8},"end":{"line":64,"column":43}},"17":{"start":{"line":65,"column":8},"end":{"line":65,"column":66}},"18":{"start":{"line":66,"column":8},"end":{"line":66,"column":89}},"19":{"start":{"line":68,"column":8},"end":{"line":68,"column":2088}},"20":{"start":{"line":69,"column":12},"end":{"line":69,"column":31}},"21":{"start":{"line":72,"column":8},"end":{"line":72,"column":27}},"22":{"start":{"line":76,"column":8},"end":{"line":76,"column":58}},"23":{"start":{"line":78,"column":8},"end":{"line":78,"column":26}},"24":{"start":{"line":79,"column":8},"end":{"line":79,"column":33}},"25":{"start":{"line":81,"column":8},"end":{"line":81,"column":2375}},"26":{"start":{"line":82,"column":12},"end":{"line":82,"column":56}},"27":{"start":{"line":83,"column":12},"end":{"line":83,"column":2496}},"28":{"start":{"line":84,"column":16},"end":{"line":84,"column":45}},"29":{"start":{"line":85,"column":16},"end":{"line":85,"column":2594}},"30":{"start":{"line":86,"column":20},"end":{"line":86,"column":35}},"31":{"start":{"line":87,"column":20},"end":{"line":87,"column":75}},"32":{"start":{"line":88,"column":20},"end":{"line":88,"column":88}},"33":{"start":{"line":93,"column":8},"end":{"line":93,"column":54}},"34":{"start":{"line":94,"column":8},"end":{"line":94,"column":2917}},"35":{"start":{"line":95,"column":12},"end":{"line":95,"column":34}},"36":{"start":{"line":96,"column":12},"end":{"line":96,"column":77}},"37":{"start":{"line":97,"column":12},"end":{"line":97,"column":80}},"38":{"start":{"line":102,"column":8},"end":{"line":102,"column":69}},"39":{"start":{"line":103,"column":8},"end":{"line":103,"column":22}},"40":{"start":{"line":115,"column":12},"end":{"line":115,"column":60}}},"branchMap":{"1":{"line":46,"type":"if","locations":[{"start":{"line":46,"column":8},"end":{"line":46,"column":8}},{"start":{"line":46,"column":8},"end":{"line":46,"column":8}}]},"2":{"line":53,"type":"if","locations":[{"start":{"line":53,"column":8},"end":{"line":53,"column":8}},{"start":{"line":53,"column":8},"end":{"line":53,"column":8}}]},"3":{"line":54,"type":"if","locations":[{"start":{"line":54,"column":8},"end":{"line":54,"column":8}},{"start":{"line":54,"column":8},"end":{"line":54,"column":8}}]},"4":{"line":58,"type":"if","locations":[{"start":{"line":58,"column":8},"end":{"line":58,"column":8}},{"start":{"line":58,"column":8},"end":{"line":58,"column":8}}]},"5":{"line":68,"type":"if","locations":[{"start":{"line":68,"column":8},"end":{"line":68,"column":8}},{"start":{"line":68,"column":8},"end":{"line":68,"column":8}}]},"6":{"line":76,"type":"if","locations":[{"start":{"line":76,"column":8},"end":{"line":76,"column":8}},{"start":{"line":76,"column":8},"end":{"line":76,"column":8}}]},"7":{"line":83,"type":"if","locations":[{"start":{"line":83,"column":12},"end":{"line":83,"column":12}},{"start":{"line":83,"column":12},"end":{"line":83,"column":12}}]},"8":{"line":85,"type":"if","locations":[{"start":{"line":85,"column":16},"end":{"line":85,"column":16}},{"start":{"line":85,"column":16},"end":{"line":85,"column":16}}]},"9":{"line":88,"type":"if","locations":[{"start":{"line":88,"column":20},"end":{"line":88,"column":20}},{"start":{"line":88,"column":20},"end":{"line":88,"column":20}}]},"10":{"line":94,"type":"if","locations":[{"start":{"line":94,"column":8},"end":{"line":94,"column":8}},{"start":{"line":94,"column":8},"end":{"line":94,"column":8}}]},"11":{"line":97,"type":"if","locations":[{"start":{"line":97,"column":12},"end":{"line":97,"column":12}},{"start":{"line":97,"column":12},"end":{"line":97,"column":12}}]}}}}
